<?xml version="1.0" encoding="UTF-8"?>
<testng-results skipped="0" failed="2" total="3" passed="1">
  <reporter-output>
  </reporter-output>
  <suite name="AllTests" duration-ms="9560" started-at="2021-03-17T14:14:41Z" finished-at="2021-03-17T14:14:50Z">
    <groups>
      <group name="shopifyRegister">
        <method signature="SeleniumPracticeTekstacShopifyTests.incomplete_form_issues_error(java.lang.String, java.lang.String, java.lang.String, java.lang.String, java.lang.String, java.lang.String, java.lang.String, java.lang.String)[pri:0, instance:seleniumgenc.SeleniumPracticeTekstacShopifyTests@cb5822]" name="incomplete_form_issues_error" class="seleniumgenc.SeleniumPracticeTekstacShopifyTests"/>
        <method signature="SeleniumPracticeTekstacShopifyTests.shopifyRegisterFormContainsAllTextboxes()[pri:0, instance:seleniumgenc.SeleniumPracticeTekstacShopifyTests@cb5822]" name="shopifyRegisterFormContainsAllTextboxes" class="seleniumgenc.SeleniumPracticeTekstacShopifyTests"/>
        <method signature="SeleniumPracticeTekstacShopifyTests.submittingFormAddsInfoToBottomTable(java.lang.String, java.lang.String, java.lang.String, java.lang.String, java.lang.String, java.lang.String, java.lang.String, java.lang.String)[pri:0, instance:seleniumgenc.SeleniumPracticeTekstacShopifyTests@cb5822]" name="submittingFormAddsInfoToBottomTable" class="seleniumgenc.SeleniumPracticeTekstacShopifyTests"/>
      </group> <!-- shopifyRegister -->
    </groups>
    <test name="ShopifyTests" duration-ms="9560" started-at="2021-03-17T14:14:41Z" finished-at="2021-03-17T14:14:50Z">
      <class name="seleniumgenc.SeleniumPracticeTekstacShopifyTests">
        <test-method status="PASS" signature="beforeTest()[pri:0, instance:seleniumgenc.SeleniumPracticeTekstacShopifyTests@cb5822]" name="beforeTest" is-config="true" duration-ms="1250" started-at="2021-03-17T09:14:41Z" finished-at="2021-03-17T09:14:42Z">
          <reporter-output>
          </reporter-output>
        </test-method> <!-- beforeTest -->
        <test-method status="FAIL" signature="incomplete_form_issues_error(java.lang.String, java.lang.String, java.lang.String, java.lang.String, java.lang.String, java.lang.String, java.lang.String, java.lang.String)[pri:0, instance:seleniumgenc.SeleniumPracticeTekstacShopifyTests@cb5822]" name="incomplete_form_issues_error" duration-ms="0" started-at="2021-03-17T09:14:42Z" data-provider="missingFields" finished-at="2021-03-17T09:14:42Z">
          <exception class="java.lang.RuntimeException">
            <message>
              <![CDATA[java.io.FileNotFoundException: /Users/m_688776/Documents/workspace/seleniumgenc/src/test/java/excelFiles/ShopifyTestData.xlsx (No such file or directory)]]>
            </message>
            <full-stacktrace>
              <![CDATA[java.lang.RuntimeException: java.io.FileNotFoundException: /Users/m_688776/Documents/workspace/seleniumgenc/src/test/java/excelFiles/ShopifyTestData.xlsx (No such file or directory)
	at org.testng.internal.MethodInvocationHelper.invokeDataProvider(MethodInvocationHelper.java:143)
	at org.testng.internal.Parameters.handleParameters(Parameters.java:426)
	at org.testng.internal.Invoker.handleParameters(Invoker.java:1383)
	at org.testng.internal.Invoker.createParameters(Invoker.java:1075)
	at org.testng.internal.Invoker.invokeTestMethods(Invoker.java:1180)
	at org.testng.internal.TestMethodWorker.invokeTestMethods(TestMethodWorker.java:127)
	at org.testng.internal.TestMethodWorker.run(TestMethodWorker.java:111)
	at org.testng.TestRunner.privateRun(TestRunner.java:767)
	at org.testng.TestRunner.run(TestRunner.java:617)
	at org.testng.SuiteRunner.runTest(SuiteRunner.java:334)
	at org.testng.SuiteRunner.runSequentially(SuiteRunner.java:329)
	at org.testng.SuiteRunner.privateRun(SuiteRunner.java:291)
	at org.testng.SuiteRunner.run(SuiteRunner.java:240)
	at org.testng.SuiteRunnerWorker.runSuite(SuiteRunnerWorker.java:52)
	at org.testng.SuiteRunnerWorker.run(SuiteRunnerWorker.java:86)
	at org.testng.TestNG.runSuitesSequentially(TestNG.java:1198)
	at org.testng.TestNG.runSuitesLocally(TestNG.java:1123)
	at org.testng.TestNG.run(TestNG.java:1031)
	at org.apache.maven.surefire.testng.TestNGExecutor.run(TestNGExecutor.java:284)
	at org.apache.maven.surefire.testng.TestNGXmlTestSuite.execute(TestNGXmlTestSuite.java:75)
	at org.apache.maven.surefire.testng.TestNGProvider.invoke(TestNGProvider.java:119)
	at org.apache.maven.surefire.booter.ForkedBooter.runSuitesInProcess(ForkedBooter.java:428)
	at org.apache.maven.surefire.booter.ForkedBooter.execute(ForkedBooter.java:162)
	at org.apache.maven.surefire.booter.ForkedBooter.run(ForkedBooter.java:562)
	at org.apache.maven.surefire.booter.ForkedBooter.main(ForkedBooter.java:548)
Caused by: java.io.FileNotFoundException: /Users/m_688776/Documents/workspace/seleniumgenc/src/test/java/excelFiles/ShopifyTestData.xlsx (No such file or directory)
	at java.io.FileInputStream.open0(Native Method)
	at java.io.FileInputStream.open(FileInputStream.java:195)
	at java.io.FileInputStream.<init>(FileInputStream.java:138)
	at seleniumgenc.Utils.ShopifyExcelUtils.readShopifyFormDataFromExcel(ShopifyExcelUtils.java:21)
	at seleniumgenc.SeleniumPracticeTekstacShopifyTests.missingFieldsData(SeleniumPracticeTekstacShopifyTests.java:54)
	at sun.reflect.NativeMethodAccessorImpl.invoke0(Native Method)
	at sun.reflect.NativeMethodAccessorImpl.invoke(NativeMethodAccessorImpl.java:62)
	at sun.reflect.DelegatingMethodAccessorImpl.invoke(DelegatingMethodAccessorImpl.java:43)
	at java.lang.reflect.Method.invoke(Method.java:498)
	at org.testng.internal.MethodInvocationHelper.invokeMethod(MethodInvocationHelper.java:80)
	at org.testng.internal.MethodInvocationHelper.invokeDataProvider(MethodInvocationHelper.java:117)
	... 24 more
]]>
            </full-stacktrace>
          </exception> <!-- java.lang.RuntimeException -->
          <reporter-output>
          </reporter-output>
        </test-method> <!-- incomplete_form_issues_error -->
        <test-method status="PASS" signature="beforeMethod()[pri:0, instance:seleniumgenc.SeleniumPracticeTekstacShopifyTests@cb5822]" name="beforeMethod" is-config="true" duration-ms="7592" started-at="2021-03-17T09:14:42Z" finished-at="2021-03-17T09:14:50Z">
          <reporter-output>
          </reporter-output>
        </test-method> <!-- beforeMethod -->
        <test-method status="PASS" signature="shopifyRegisterFormContainsAllTextboxes()[pri:0, instance:seleniumgenc.SeleniumPracticeTekstacShopifyTests@cb5822]" name="shopifyRegisterFormContainsAllTextboxes" duration-ms="138" started-at="2021-03-17T09:14:50Z" finished-at="2021-03-17T09:14:50Z">
          <reporter-output>
          </reporter-output>
        </test-method> <!-- shopifyRegisterFormContainsAllTextboxes -->
        <test-method status="PASS" signature="afterTest()[pri:0, instance:seleniumgenc.SeleniumPracticeTekstacShopifyTests@cb5822]" name="afterTest" is-config="true" duration-ms="571" started-at="2021-03-17T09:14:50Z" finished-at="2021-03-17T09:14:50Z">
          <reporter-output>
          </reporter-output>
        </test-method> <!-- afterTest -->
        <test-method status="FAIL" signature="submittingFormAddsInfoToBottomTable(java.lang.String, java.lang.String, java.lang.String, java.lang.String, java.lang.String, java.lang.String, java.lang.String, java.lang.String)[pri:0, instance:seleniumgenc.SeleniumPracticeTekstacShopifyTests@cb5822]" name="submittingFormAddsInfoToBottomTable" duration-ms="0" started-at="2021-03-17T09:14:50Z" data-provider="happyPath" finished-at="2021-03-17T09:14:50Z">
          <exception class="java.lang.RuntimeException">
            <message>
              <![CDATA[java.io.FileNotFoundException: /Users/m_688776/Documents/workspace/seleniumgenc/src/test/java/excelFiles/ShopifyTestData.xlsx (No such file or directory)]]>
            </message>
            <full-stacktrace>
              <![CDATA[java.lang.RuntimeException: java.io.FileNotFoundException: /Users/m_688776/Documents/workspace/seleniumgenc/src/test/java/excelFiles/ShopifyTestData.xlsx (No such file or directory)
	at org.testng.internal.MethodInvocationHelper.invokeDataProvider(MethodInvocationHelper.java:143)
	at org.testng.internal.Parameters.handleParameters(Parameters.java:426)
	at org.testng.internal.Invoker.handleParameters(Invoker.java:1383)
	at org.testng.internal.Invoker.createParameters(Invoker.java:1075)
	at org.testng.internal.Invoker.invokeTestMethods(Invoker.java:1180)
	at org.testng.internal.TestMethodWorker.invokeTestMethods(TestMethodWorker.java:127)
	at org.testng.internal.TestMethodWorker.run(TestMethodWorker.java:111)
	at org.testng.TestRunner.privateRun(TestRunner.java:767)
	at org.testng.TestRunner.run(TestRunner.java:617)
	at org.testng.SuiteRunner.runTest(SuiteRunner.java:334)
	at org.testng.SuiteRunner.runSequentially(SuiteRunner.java:329)
	at org.testng.SuiteRunner.privateRun(SuiteRunner.java:291)
	at org.testng.SuiteRunner.run(SuiteRunner.java:240)
	at org.testng.SuiteRunnerWorker.runSuite(SuiteRunnerWorker.java:52)
	at org.testng.SuiteRunnerWorker.run(SuiteRunnerWorker.java:86)
	at org.testng.TestNG.runSuitesSequentially(TestNG.java:1198)
	at org.testng.TestNG.runSuitesLocally(TestNG.java:1123)
	at org.testng.TestNG.run(TestNG.java:1031)
	at org.apache.maven.surefire.testng.TestNGExecutor.run(TestNGExecutor.java:284)
	at org.apache.maven.surefire.testng.TestNGXmlTestSuite.execute(TestNGXmlTestSuite.java:75)
	at org.apache.maven.surefire.testng.TestNGProvider.invoke(TestNGProvider.java:119)
	at org.apache.maven.surefire.booter.ForkedBooter.runSuitesInProcess(ForkedBooter.java:428)
	at org.apache.maven.surefire.booter.ForkedBooter.execute(ForkedBooter.java:162)
	at org.apache.maven.surefire.booter.ForkedBooter.run(ForkedBooter.java:562)
	at org.apache.maven.surefire.booter.ForkedBooter.main(ForkedBooter.java:548)
Caused by: java.io.FileNotFoundException: /Users/m_688776/Documents/workspace/seleniumgenc/src/test/java/excelFiles/ShopifyTestData.xlsx (No such file or directory)
	at java.io.FileInputStream.open0(Native Method)
	at java.io.FileInputStream.open(FileInputStream.java:195)
	at java.io.FileInputStream.<init>(FileInputStream.java:138)
	at seleniumgenc.Utils.ShopifyExcelUtils.readShopifyFormDataFromExcel(ShopifyExcelUtils.java:21)
	at seleniumgenc.SeleniumPracticeTekstacShopifyTests.happyPathData(SeleniumPracticeTekstacShopifyTests.java:45)
	at sun.reflect.NativeMethodAccessorImpl.invoke0(Native Method)
	at sun.reflect.NativeMethodAccessorImpl.invoke(NativeMethodAccessorImpl.java:62)
	at sun.reflect.DelegatingMethodAccessorImpl.invoke(DelegatingMethodAccessorImpl.java:43)
	at java.lang.reflect.Method.invoke(Method.java:498)
	at org.testng.internal.MethodInvocationHelper.invokeMethod(MethodInvocationHelper.java:80)
	at org.testng.internal.MethodInvocationHelper.invokeDataProvider(MethodInvocationHelper.java:117)
	... 24 more
]]>
            </full-stacktrace>
          </exception> <!-- java.lang.RuntimeException -->
          <reporter-output>
          </reporter-output>
        </test-method> <!-- submittingFormAddsInfoToBottomTable -->
      </class> <!-- seleniumgenc.SeleniumPracticeTekstacShopifyTests -->
    </test> <!-- ShopifyTests -->
  </suite> <!-- AllTests -->
</testng-results>
